# JRE version: OpenJDK Runtime Environment JBR-17.0.6+10-829.9-nomod (17.0.6+10) (build 17.0.6+10-b829.9)
# Java VM: OpenJDK 64-Bit Server VM JBR-17.0.6+10-829.9-nomod (17.0.6+10-b829.9, mixed mode, tiered, compressed oops, compressed class ptrs, g1 gc, windows-amd64)
GC Precious Log:
 CPUs: 4 total, 4 available
 Memory: 8093M
 Large Page Support: Disabled
 NUMA Support: Disabled
 Compressed Oops: Enabled (32-bit)
 Heap Region Size: 1M
 Heap Min Capacity: 8M
 Heap Initial Capacity: 128M
 Heap Max Capacity: 2G
 Pre-touch: Disabled
 Parallel Workers: 4
 Concurrent Workers: 1
 Concurrent Refinement Workers: 4
 Periodic GC: Disabled
Heap:
 garbage-first heap   total 423936K, used 142061K [0x0000000080000000, 0x0000000100000000)
  region size 1024K, 3 young (3072K), 3 survivors (3072K)
 Metaspace       used 133537K, committed 134784K, reserved 1171456K
  class space    used 17363K, committed 17920K, reserved 1048576K
GC Heap History (20 events):
Event: 3215.800 GC heap after
{Heap after GC invocations=99 (full 0):
 garbage-first heap   total 416768K, used 122515K [0x0000000080000000, 0x0000000100000000)
  region size 1024K, 3 young (3072K), 3 survivors (3072K)
 Metaspace       used 132708K, committed 133952K, reserved 1171456K
  class space    used 17354K, committed 17920K, reserved 1048576K
}
Event: 3216.165 GC heap before
{Heap before GC invocations=99 (full 0):
 garbage-first heap   total 416768K, used 161427K [0x0000000080000000, 0x0000000100000000)
  region size 1024K, 42 young (43008K), 3 survivors (3072K)
 Metaspace       used 132721K, committed 133952K, reserved 1171456K
  class space    used 17354K, committed 17920K, reserved 1048576K
}
Event: 3216.186 GC heap after
{Heap after GC invocations=100 (full 0):
 garbage-first heap   total 416768K, used 131829K [0x0000000080000000, 0x0000000100000000)
  region size 1024K, 12 young (12288K), 12 survivors (12288K)
 Metaspace       used 132721K, committed 133952K, reserved 1171456K
  class space    used 17354K, committed 17920K, reserved 1048576K
}
Event: 3219.471 GC heap before
{Heap before GC invocations=101 (full 0):
 garbage-first heap   total 416768K, used 308981K [0x0000000080000000, 0x0000000100000000)
  region size 1024K, 165 young (168960K), 12 survivors (12288K)
 Metaspace       used 132971K, committed 134208K, reserved 1171456K
  class space    used 17360K, committed 17920K, reserved 1048576K
}
Event: 3219.501 GC heap after
{Heap after GC invocations=102 (full 0):
 garbage-first heap   total 416768K, used 139328K [0x0000000080000000, 0x0000000100000000)
  region size 1024K, 16 young (16384K), 16 survivors (16384K)
 Metaspace       used 132971K, committed 134208K, reserved 1171456K
  class space    used 17360K, committed 17920K, reserved 1048576K
}
Event: 3219.572 GC heap before
{Heap before GC invocations=102 (full 0):
 garbage-first heap   total 416768K, used 143424K [0x0000000080000000, 0x0000000100000000)
  region size 1024K, 20 young (20480K), 16 survivors (16384K)
 Metaspace       used 132972K, committed 134208K, reserved 1171456K
  class space    used 17360K, committed 17920K, reserved 1048576K
}
Event: 3219.604 GC heap after
{Heap after GC invocations=103 (full 0):
 garbage-first heap   total 416768K, used 127707K [0x0000000080000000, 0x0000000100000000)
  region size 1024K, 2 young (2048K), 2 survivors (2048K)
 Metaspace       used 132972K, committed 134208K, reserved 1171456K
  class space    used 17360K, committed 17920K, reserved 1048576K
}
Event: 3219.947 GC heap before
{Heap before GC invocations=103 (full 0):
 garbage-first heap   total 416768K, used 153307K [0x0000000080000000, 0x0000000100000000)
  region size 1024K, 28 young (28672K), 2 survivors (2048K)
 Metaspace       used 133045K, committed 134272K, reserved 1171456K
  class space    used 17360K, committed 17920K, reserved 1048576K
}
Event: 3219.951 GC heap after
{Heap after GC invocations=104 (full 0):
 garbage-first heap   total 416768K, used 127461K [0x0000000080000000, 0x0000000100000000)
  region size 1024K, 2 young (2048K), 2 survivors (2048K)
 Metaspace       used 133045K, committed 134272K, reserved 1171456K
  class space    used 17360K, committed 17920K, reserved 1048576K
}
Event: 3977.807 GC heap before
{Heap before GC invocations=105 (full 0):
 garbage-first heap   total 416768K, used 312805K [0x0000000080000000, 0x0000000100000000)
  region size 1024K, 178 young (182272K), 2 survivors (2048K)
 Metaspace       used 133290K, committed 134528K, reserved 1171456K
  class space    used 17362K, committed 17920K, reserved 1048576K
}
Event: 3977.838 GC heap after
{Heap after GC invocations=106 (full 0):
 garbage-first heap   total 416768K, used 135522K [0x0000000080000000, 0x0000000100000000)
  region size 1024K, 20 young (20480K), 20 survivors (20480K)
 Metaspace       used 133290K, committed 134528K, reserved 1171456K
  class space    used 17362K, committed 17920K, reserved 1048576K
}
Event: 3977.847 GC heap before
{Heap before GC invocations=106 (full 0):
 garbage-first heap   total 416768K, used 136546K [0x0000000080000000, 0x0000000100000000)
  region size 1024K, 21 young (21504K), 20 survivors (20480K)
 Metaspace       used 133290K, committed 134528K, reserved 1171456K
  class space    used 17362K, committed 17920K, reserved 1048576K
}
Event: 3977.890 GC heap after
{Heap after GC invocations=107 (full 0):
 garbage-first heap   total 416768K, used 130438K [0x0000000080000000, 0x0000000100000000)
  region size 1024K, 2 young (2048K), 2 survivors (2048K)
 Metaspace       used 133290K, committed 134528K, reserved 1171456K
  class space    used 17362K, committed 17920K, reserved 1048576K
}
Event: 3978.178 GC heap before
{Heap before GC invocations=107 (full 0):
 garbage-first heap   total 416768K, used 157062K [0x0000000080000000, 0x0000000100000000)
  region size 1024K, 30 young (30720K), 2 survivors (2048K)
 Metaspace       used 133297K, committed 134528K, reserved 1171456K
  class space    used 17362K, committed 17920K, reserved 1048576K
}
Event: 3978.207 GC heap after
{Heap after GC invocations=108 (full 0):
 garbage-first heap   total 416768K, used 138810K [0x0000000080000000, 0x0000000100000000)
  region size 1024K, 10 young (10240K), 10 survivors (10240K)
 Metaspace       used 133297K, committed 134528K, reserved 1171456K
  class space    used 17362K, committed 17920K, reserved 1048576K
}
Event: 3998.055 GC heap before
{Heap before GC invocations=109 (full 0):
 garbage-first heap   total 416768K, used 324154K [0x0000000080000000, 0x0000000100000000)
  region size 1024K, 173 young (177152K), 10 survivors (10240K)
 Metaspace       used 133458K, committed 134720K, reserved 1171456K
  class space    used 17363K, committed 17920K, reserved 1048576K
}
Event: 3998.098 GC heap after
{Heap after GC invocations=110 (full 0):
 garbage-first heap   total 416768K, used 154821K [0x0000000080000000, 0x0000000100000000)
  region size 1024K, 22 young (22528K), 22 survivors (22528K)
 Metaspace       used 133458K, committed 134720K, reserved 1171456K
  class space    used 17363K, committed 17920K, reserved 1048576K
}
Event: 3998.104 GC heap before
{Heap before GC invocations=110 (full 0):
 garbage-first heap   total 416768K, used 155845K [0x0000000080000000, 0x0000000100000000)
  region size 1024K, 23 young (23552K), 22 survivors (22528K)
 Metaspace       used 133458K, committed 134720K, reserved 1171456K
  class space    used 17363K, committed 17920K, reserved 1048576K
}
Event: 3998.156 GC heap after
{Heap after GC invocations=111 (full 0):
 garbage-first heap   total 416768K, used 141097K [0x0000000080000000, 0x0000000100000000)
  region size 1024K, 2 young (2048K), 2 survivors (2048K)
 Metaspace       used 133458K, committed 134720K, reserved 1171456K
  class space    used 17363K, committed 17920K, reserved 1048576K
}
Event: 3998.418 GC heap before
{Heap before GC invocations=111 (full 0):
 garbage-first heap   total 416768K, used 162601K [0x0000000080000000, 0x0000000100000000)
  region size 1024K, 24 young (24576K), 2 survivors (2048K)
 Metaspace       used 133537K, committed 134784K, reserved 1171456K
  class space    used 17363K, committed 17920K, reserved 1048576K
}

