# JRE version: OpenJDK Runtime Environment JBR-17.0.6+10-829.9-nomod (17.0.6+10) (build 17.0.6+10-b829.9)
# Java VM: OpenJDK 64-Bit Server VM JBR-17.0.6+10-829.9-nomod (17.0.6+10-b829.9, mixed mode, tiered, compressed oops, compressed class ptrs, g1 gc, windows-amd64)
GC Precious Log:
 CPUs: 4 total, 4 available
 Memory: 8093M
 Large Page Support: Disabled
 NUMA Support: Disabled
 Compressed Oops: Enabled (32-bit)
 Heap Region Size: 1M
 Heap Min Capacity: 8M
 Heap Initial Capacity: 128M
 Heap Max Capacity: 2G
 Pre-touch: Disabled
 Parallel Workers: 4
 Concurrent Workers: 1
 Concurrent Refinement Workers: 4
 Periodic GC: Disabled
Heap:
 garbage-first heap   total 189440K, used 155587K [0x0000000080000000, 0x0000000100000000)
  region size 1024K, 46 young (47104K), 2 survivors (2048K)
 Metaspace       used 125082K, committed 125824K, reserved 1163264K
  class space    used 17064K, committed 17408K, reserved 1048576K
GC Heap History (20 events):
Event: 70.835 GC heap before
{Heap before GC invocations=43 (full 0):
 garbage-first heap   total 189440K, used 165207K [0x0000000080000000, 0x0000000100000000)
  region size 1024K, 73 young (74752K), 6 survivors (6144K)
 Metaspace       used 89818K, committed 90368K, reserved 1130496K
  class space    used 12150K, committed 12416K, reserved 1048576K
}
Event: 70.853 GC heap after
{Heap after GC invocations=44 (full 0):
 garbage-first heap   total 189440K, used 79315K [0x0000000080000000, 0x0000000100000000)
  region size 1024K, 7 young (7168K), 7 survivors (7168K)
 Metaspace       used 89818K, committed 90368K, reserved 1130496K
  class space    used 12150K, committed 12416K, reserved 1048576K
}
Event: 75.135 GC heap before
{Heap before GC invocations=44 (full 0):
 garbage-first heap   total 189440K, used 149971K [0x0000000080000000, 0x0000000100000000)
  region size 1024K, 77 young (78848K), 7 survivors (7168K)
 Metaspace       used 95594K, committed 96192K, reserved 1138688K
  class space    used 12891K, committed 13184K, reserved 1048576K
}
Event: 75.154 GC heap after
{Heap after GC invocations=45 (full 0):
 garbage-first heap   total 189440K, used 83858K [0x0000000080000000, 0x0000000100000000)
  region size 1024K, 7 young (7168K), 7 survivors (7168K)
 Metaspace       used 95594K, committed 96192K, reserved 1138688K
  class space    used 12891K, committed 13184K, reserved 1048576K
}
Event: 81.869 GC heap before
{Heap before GC invocations=45 (full 0):
 garbage-first heap   total 189440K, used 151442K [0x0000000080000000, 0x0000000100000000)
  region size 1024K, 74 young (75776K), 7 survivors (7168K)
 Metaspace       used 96045K, committed 96704K, reserved 1138688K
  class space    used 12920K, committed 13248K, reserved 1048576K
}
Event: 81.891 GC heap after
{Heap after GC invocations=46 (full 0):
 garbage-first heap   total 189440K, used 88470K [0x0000000080000000, 0x0000000100000000)
  region size 1024K, 9 young (9216K), 9 survivors (9216K)
 Metaspace       used 96045K, committed 96704K, reserved 1138688K
  class space    used 12920K, committed 13248K, reserved 1048576K
}
Event: 114.185 GC heap before
{Heap before GC invocations=46 (full 0):
 garbage-first heap   total 189440K, used 152982K [0x0000000080000000, 0x0000000100000000)
  region size 1024K, 73 young (74752K), 9 survivors (9216K)
 Metaspace       used 97420K, committed 98112K, reserved 1138688K
  class space    used 13092K, committed 13440K, reserved 1048576K
}
Event: 114.207 GC heap after
{Heap after GC invocations=47 (full 0):
 garbage-first heap   total 189440K, used 91892K [0x0000000080000000, 0x0000000100000000)
  region size 1024K, 8 young (8192K), 8 survivors (8192K)
 Metaspace       used 97420K, committed 98112K, reserved 1138688K
  class space    used 13092K, committed 13440K, reserved 1048576K
}
Event: 119.625 GC heap before
{Heap before GC invocations=47 (full 0):
 garbage-first heap   total 189440K, used 138996K [0x0000000080000000, 0x0000000100000000)
  region size 1024K, 56 young (57344K), 8 survivors (8192K)
 Metaspace       used 104255K, committed 104960K, reserved 1146880K
  class space    used 13976K, committed 14336K, reserved 1048576K
}
Event: 119.649 GC heap after
{Heap after GC invocations=48 (full 0):
 garbage-first heap   total 189440K, used 98033K [0x0000000080000000, 0x0000000100000000)
  region size 1024K, 9 young (9216K), 9 survivors (9216K)
 Metaspace       used 104255K, committed 104960K, reserved 1146880K
  class space    used 13976K, committed 14336K, reserved 1048576K
}
Event: 125.236 GC heap before
{Heap before GC invocations=49 (full 0):
 garbage-first heap   total 189440K, used 156401K [0x0000000080000000, 0x0000000100000000)
  region size 1024K, 64 young (65536K), 9 survivors (9216K)
 Metaspace       used 107115K, committed 107776K, reserved 1146880K
  class space    used 14304K, committed 14656K, reserved 1048576K
}
Event: 125.256 GC heap after
{Heap after GC invocations=50 (full 0):
 garbage-first heap   total 189440K, used 99775K [0x0000000080000000, 0x0000000100000000)
  region size 1024K, 2 young (2048K), 2 survivors (2048K)
 Metaspace       used 107115K, committed 107776K, reserved 1146880K
  class space    used 14304K, committed 14656K, reserved 1048576K
}
Event: 129.156 GC heap before
{Heap before GC invocations=50 (full 0):
 garbage-first heap   total 189440K, used 108991K [0x0000000080000000, 0x0000000100000000)
  region size 1024K, 9 young (9216K), 2 survivors (2048K)
 Metaspace       used 108010K, committed 108672K, reserved 1146880K
  class space    used 14443K, committed 14720K, reserved 1048576K
}
Event: 129.168 GC heap after
{Heap after GC invocations=51 (full 0):
 garbage-first heap   total 189440K, used 96587K [0x0000000080000000, 0x0000000100000000)
  region size 1024K, 1 young (1024K), 1 survivors (1024K)
 Metaspace       used 108010K, committed 108672K, reserved 1146880K
  class space    used 14443K, committed 14720K, reserved 1048576K
}
Event: 134.232 GC heap before
{Heap before GC invocations=51 (full 0):
 garbage-first heap   total 189440K, used 154955K [0x0000000080000000, 0x0000000100000000)
  region size 1024K, 59 young (60416K), 1 survivors (1024K)
 Metaspace       used 117608K, committed 118272K, reserved 1155072K
  class space    used 16013K, committed 16320K, reserved 1048576K
}
Event: 134.253 GC heap after
{Heap after GC invocations=52 (full 0):
 garbage-first heap   total 189440K, used 104861K [0x0000000080000000, 0x0000000100000000)
  region size 1024K, 8 young (8192K), 8 survivors (8192K)
 Metaspace       used 117608K, committed 118272K, reserved 1155072K
  class space    used 16013K, committed 16320K, reserved 1048576K
}
Event: 136.659 GC heap before
{Heap before GC invocations=53 (full 0):
 garbage-first heap   total 189440K, used 154013K [0x0000000080000000, 0x0000000100000000)
  region size 1024K, 56 young (57344K), 8 survivors (8192K)
 Metaspace       used 121372K, committed 122048K, reserved 1155072K
  class space    used 16489K, committed 16832K, reserved 1048576K
}
Event: 136.667 GC heap after
{Heap after GC invocations=54 (full 0):
 garbage-first heap   total 189440K, used 99890K [0x0000000080000000, 0x0000000100000000)
  region size 1024K, 2 young (2048K), 2 survivors (2048K)
 Metaspace       used 121372K, committed 122048K, reserved 1155072K
  class space    used 16489K, committed 16832K, reserved 1048576K
}
Event: 137.070 GC heap before
{Heap before GC invocations=54 (full 0):
 garbage-first heap   total 189440K, used 106034K [0x0000000080000000, 0x0000000100000000)
  region size 1024K, 9 young (9216K), 2 survivors (2048K)
 Metaspace       used 122042K, committed 122688K, reserved 1155072K
  class space    used 16585K, committed 16896K, reserved 1048576K
}
Event: 137.080 GC heap after
{Heap after GC invocations=55 (full 0):
 garbage-first heap   total 189440K, used 99267K [0x0000000080000000, 0x0000000100000000)
  region size 1024K, 2 young (2048K), 2 survivors (2048K)
 Metaspace       used 122042K, committed 122688K, reserved 1155072K
  class space    used 16585K, committed 16896K, reserved 1048576K
}

